app/build/intermediates/manifest_merge_blame_file/debug/manifest-merger-blame-debug-report.txt
1<?xml version="1.0" encoding="utf-8"?>
2<manifest xmlns:android="http://schemas.android.com/apk/res/android"
3    package="eu.roggstar.FoodATHome"
4    android:versionCode="2"
5    android:versionName="0.2" >
6
7    <uses-sdk
8        android:minSdkVersion="15"
8-->src/main/AndroidManifest.xml
9        android:targetSdkVersion="28" />
9-->src/main/AndroidManifest.xml
10
11    <uses-permission android:name="android.permission.INTERNET" />
11-->src/main/AndroidManifest.xml:5:5-67
11-->src/main/AndroidManifest.xml:5:22-64
12    <uses-permission android:name="android.permission.CAMERA" />
12-->src/main/AndroidManifest.xml:6:5-65
12-->src/main/AndroidManifest.xml:6:22-62
13    <uses-permission android:name="android.permission.ACCESS_NETWORK_STATE" />
13-->src/main/AndroidManifest.xml:7:5-79
13-->src/main/AndroidManifest.xml:7:22-76
14    <uses-permission android:name="android.permission.WRITE_EXTERNAL_STORAGE" />
14-->src/main/AndroidManifest.xml:8:5-81
14-->src/main/AndroidManifest.xml:8:22-78
15    <uses-permission android:name="android.permission.READ_EXTERNAL_STORAGE" />
15-->src/main/AndroidManifest.xml:9:5-80
15-->src/main/AndroidManifest.xml:9:22-77
16    <uses-permission android:name="android.permission.WRITE_EXTERNAL_STORAGE" />
16-->src/main/AndroidManifest.xml:8:5-81
16-->src/main/AndroidManifest.xml:8:22-78
17
18    <!-- Don't require camera, as this requires a rear camera. This allows it to work on the Nexus 7 -->
19    <uses-feature
19-->[com.journeyapps:zxing-android-embedded:3.2.0] AndroidManifest.xml:24:5-26:36
20        android:name="android.hardware.camera"
20-->[com.journeyapps:zxing-android-embedded:3.2.0] AndroidManifest.xml:25:9-47
21        android:required="false" />
21-->[com.journeyapps:zxing-android-embedded:3.2.0] AndroidManifest.xml:26:9-33
22    <uses-feature
22-->[com.journeyapps:zxing-android-embedded:3.2.0] AndroidManifest.xml:27:5-29:36
23        android:name="android.hardware.camera.front"
23-->[com.journeyapps:zxing-android-embedded:3.2.0] AndroidManifest.xml:28:9-53
24        android:required="false" /> <!-- TODO replace above two with next line after Android 4.2 -->
24-->[com.journeyapps:zxing-android-embedded:3.2.0] AndroidManifest.xml:29:9-33
25    <!-- <uses-feature android:name="android.hardware.camera.any"/> -->
26    <uses-feature
26-->[com.journeyapps:zxing-android-embedded:3.2.0] AndroidManifest.xml:32:5-34:36
27        android:name="android.hardware.camera.autofocus"
27-->[com.journeyapps:zxing-android-embedded:3.2.0] AndroidManifest.xml:33:9-57
28        android:required="false" />
28-->[com.journeyapps:zxing-android-embedded:3.2.0] AndroidManifest.xml:34:9-33
29    <uses-feature
29-->[com.journeyapps:zxing-android-embedded:3.2.0] AndroidManifest.xml:35:5-37:36
30        android:name="android.hardware.camera.flash"
30-->[com.journeyapps:zxing-android-embedded:3.2.0] AndroidManifest.xml:36:9-53
31        android:required="false" />
31-->[com.journeyapps:zxing-android-embedded:3.2.0] AndroidManifest.xml:37:9-33
32    <uses-feature
32-->[com.journeyapps:zxing-android-embedded:3.2.0] AndroidManifest.xml:38:5-40:36
33        android:name="android.hardware.screen.landscape"
33-->[com.journeyapps:zxing-android-embedded:3.2.0] AndroidManifest.xml:39:9-57
34        android:required="false" />
34-->[com.journeyapps:zxing-android-embedded:3.2.0] AndroidManifest.xml:40:9-33
35    <uses-feature
35-->[com.journeyapps:zxing-android-embedded:3.2.0] AndroidManifest.xml:41:5-43:36
36        android:name="android.hardware.wifi"
36-->[com.journeyapps:zxing-android-embedded:3.2.0] AndroidManifest.xml:42:9-45
37        android:required="false" />
37-->[com.journeyapps:zxing-android-embedded:3.2.0] AndroidManifest.xml:43:9-33
38
39    <application
39-->src/main/AndroidManifest.xml:12:5-32:19
40        android:allowBackup="true"
40-->src/main/AndroidManifest.xml:13:9-35
41        android:appComponentFactory="androidx.core.app.CoreComponentFactory"
41-->[androidx.core:core:1.1.0-rc01] AndroidManifest.xml:24:18-86
42        android:debuggable="true"
43        android:icon="@mipmap/ic_launcher"
43-->src/main/AndroidManifest.xml:14:9-43
44        android:label="@string/app_name"
44-->src/main/AndroidManifest.xml:15:9-41
45        android:roundIcon="@mipmap/ic_launcher_round"
45-->src/main/AndroidManifest.xml:16:9-54
46        android:supportsRtl="true"
46-->src/main/AndroidManifest.xml:17:9-35
47        android:testOnly="true"
48        android:theme="@style/AppTheme" >
48-->src/main/AndroidManifest.xml:18:9-40
49        <activity
49-->src/main/AndroidManifest.xml:19:9-21:72
50            android:name="eu.roggstar.FoodATHome.SettingsActivity"
50-->src/main/AndroidManifest.xml:20:13-67
51            android:label="@string/title_activity_settings" />
51-->src/main/AndroidManifest.xml:21:13-60
52        <activity
52-->src/main/AndroidManifest.xml:22:9-31:20
53            android:name="eu.roggstar.FoodATHome.MainActivity"
53-->src/main/AndroidManifest.xml:23:13-63
54            android:label="@string/app_name"
54-->src/main/AndroidManifest.xml:24:13-45
55            android:theme="@style/AppTheme.NoActionBar" >
55-->src/main/AndroidManifest.xml:25:13-56
56            <intent-filter>
56-->src/main/AndroidManifest.xml:26:13-30:29
57                <action android:name="android.intent.action.MAIN" />
57-->src/main/AndroidManifest.xml:27:17-69
57-->src/main/AndroidManifest.xml:27:25-66
58
59                <category android:name="android.intent.category.LAUNCHER" />
59-->src/main/AndroidManifest.xml:29:17-77
59-->src/main/AndroidManifest.xml:29:27-74
60            </intent-filter>
61        </activity>
62        <activity
62-->[com.journeyapps:zxing-android-embedded:3.2.0] AndroidManifest.xml:46:9-52:63
63            android:name="com.journeyapps.barcodescanner.CaptureActivity"
63-->[com.journeyapps:zxing-android-embedded:3.2.0] AndroidManifest.xml:47:13-74
64            android:clearTaskOnLaunch="true"
64-->[com.journeyapps:zxing-android-embedded:3.2.0] AndroidManifest.xml:48:13-45
65            android:screenOrientation="sensorLandscape"
65-->[com.journeyapps:zxing-android-embedded:3.2.0] AndroidManifest.xml:49:13-56
66            android:stateNotNeeded="true"
66-->[com.journeyapps:zxing-android-embedded:3.2.0] AndroidManifest.xml:50:13-42
67            android:theme="@style/zxing_CaptureTheme"
67-->[com.journeyapps:zxing-android-embedded:3.2.0] AndroidManifest.xml:51:13-54
68            android:windowSoftInputMode="stateAlwaysHidden" />
68-->[com.journeyapps:zxing-android-embedded:3.2.0] AndroidManifest.xml:52:13-60
69    </application>
70
71</manifest>